<?xml version="1.0" encoding="UTF-8"?>
<!-- Generated by org.testng.reporters.JUnitReportReporter -->
<testsuite hostname="LAPTOP-G1403QQ9" failures="0" tests="1" name="E2EProject.HomePage" time="4.456" errors="0" timestamp="2021-04-17T07:27:26 IST" skipped="0">
  <testcase classname="E2EProject.HomePage" name="basepageNavigation" time="4.456"/>
  <system-out/>
</testsuite> <!-- E2EProject.HomePage -->
