<?xml version="1.0" encoding="UTF-8"?>
<!-- Generated by org.testng.reporters.JUnitReportReporter -->
<testsuite hostname="LAPTOP-G1403QQ9" failures="0" tests="1" name="E2EProject.validateTitle" time="0.708" errors="0" timestamp="2021-04-17T06:27:50 IST" skipped="0">
  <testcase classname="E2EProject.validateTitle" name="basepageNavigation" time="0.708"/>
  <system-out/>
</testsuite> <!-- E2EProject.validateTitle -->
