<?xml version="1.0" encoding="UTF-8"?>
<!-- Generated by org.testng.reporters.JUnitReportReporter -->
<testsuite skipped="0" hostname="LAPTOP-G1403QQ9" name="E2EProject.validateTitle" tests="1" failures="0" timestamp="2021-04-18T21:40:52 IST" time="0.303" errors="0">
  <testcase name="basepageNavigation" time="0.303" classname="E2EProject.validateTitle"/>
  <system-out/>
</testsuite> <!-- E2EProject.validateTitle -->
